TeamUnderDog/app/build/intermediates/manifest_merge_blame_file/debug/manifest-merger-blame-debug-report.txt
1<?xml version="1.0" encoding="utf-8"?>
2<manifest xmlns:android="http://schemas.android.com/apk/res/android"
3    package="com.example.teamunderdog"
4    android:versionCode="1"
5    android:versionName="1.0" >
6
7    <uses-sdk
8        android:minSdkVersion="28"
8-->src\main\AndroidManifest.xml
9        android:targetSdkVersion="30" />
9-->src\main\AndroidManifest.xml
10
11    <uses-permission android:name="android.permission.INTERNET" />
11-->src\main\AndroidManifest.xml:4:5-66
11-->src\main\AndroidManifest.xml:4:22-64
12
13    <!-- Although the *SdkVersion is captured in gradle build files, this is required for non gradle builds -->
14    <!-- <uses-sdk android:minSdkVersion="14"/> -->
15    <uses-permission android:name="android.permission.ACCESS_NETWORK_STATE" />
15-->[com.google.firebase:firebase-database:20.0.0] AndroidManifest.xml:25:5-79
15-->[com.google.firebase:firebase-database:20.0.0] AndroidManifest.xml:25:22-76
16
17    <application
17-->src\main\AndroidManifest.xml:6:5-36:19
18        android:allowBackup="true"
18-->src\main\AndroidManifest.xml:7:9-35
19        android:appComponentFactory="androidx.core.app.CoreComponentFactory"
19-->[androidx.core:core:1.3.2] AndroidManifest.xml:24:18-86
20        android:debuggable="true"
21        android:extractNativeLibs="false"
22        android:icon="@mipmap/ic_launcher"
22-->src\main\AndroidManifest.xml:8:9-43
23        android:label="@string/app_name"
23-->src\main\AndroidManifest.xml:9:9-41
24        android:roundIcon="@mipmap/ic_launcher_round"
24-->src\main\AndroidManifest.xml:10:9-54
25        android:supportsRtl="true"
25-->src\main\AndroidManifest.xml:11:9-35
26        android:testOnly="true"
27        android:theme="@style/Theme.AppCompat.Light.NoActionBar" >
27-->src\main\AndroidManifest.xml:12:9-65
28        <activity
28-->src\main\AndroidManifest.xml:13:9-16:20
29            android:name="com.example.teamunderdog.exerciselist.ExerciseAddActivity"
29-->src\main\AndroidManifest.xml:14:13-61
30            android:label="@string/title_activity_exercise_add" >
30-->src\main\AndroidManifest.xml:15:13-64
31        </activity>
32        <activity android:name="com.example.exercisetips.TipsViewPageActivity" />
32-->src\main\AndroidManifest.xml:17:9-81
32-->src\main\AndroidManifest.xml:17:19-79
33        <activity android:name="com.example.exercisetips.TipsMainActivity" />
33-->src\main\AndroidManifest.xml:18:9-77
33-->src\main\AndroidManifest.xml:18:19-75
34        <activity android:name="com.example.teamunderdog.routine.SportsActivity" />
34-->src\main\AndroidManifest.xml:20:9-60
34-->src\main\AndroidManifest.xml:20:19-57
35        <activity android:name="com.example.teamunderdog.routine.RoutineActivity" />
35-->src\main\AndroidManifest.xml:21:9-60
35-->src\main\AndroidManifest.xml:21:19-58
36        <activity android:name="com.example.teamunderdog.exerciselist.ExerciseListActivity" />
36-->src\main\AndroidManifest.xml:23:9-71
36-->src\main\AndroidManifest.xml:23:19-68
37        <activity android:name="com.example.teamunderdog.record.ExerciseRecordActivity" />
37-->src\main\AndroidManifest.xml:25:9-66
37-->src\main\AndroidManifest.xml:25:19-64
38        <activity android:name="com.example.teamunderdog.record.ExerciseTimerActivity" />
38-->src\main\AndroidManifest.xml:26:9-65
38-->src\main\AndroidManifest.xml:26:19-63
39        <activity android:name="com.example.teamunderdog.record.AddPhysicalRecordActivity" />
39-->src\main\AndroidManifest.xml:27:9-69
39-->src\main\AndroidManifest.xml:27:19-67
40        <activity android:name="com.example.teamunderdog.record.ShowPhysicalRecordActivity" />
40-->src\main\AndroidManifest.xml:28:9-70
40-->src\main\AndroidManifest.xml:28:19-68
41        <activity android:name="com.example.teamunderdog.MainActivity" >
41-->src\main\AndroidManifest.xml:29:9-35:20
41-->src\main\AndroidManifest.xml:29:19-47
42            <intent-filter>
42-->src\main\AndroidManifest.xml:30:13-34:29
43                <action android:name="android.intent.action.MAIN" />
43-->src\main\AndroidManifest.xml:31:17-69
43-->src\main\AndroidManifest.xml:31:25-66
44
45                <category android:name="android.intent.category.LAUNCHER" />
45-->src\main\AndroidManifest.xml:33:17-77
45-->src\main\AndroidManifest.xml:33:27-74
46            </intent-filter>
47        </activity>
48
49        <service
49-->[com.google.firebase:firebase-database:20.0.0] AndroidManifest.xml:29:9-35:19
50            android:name="com.google.firebase.components.ComponentDiscoveryService"
50-->[com.google.firebase:firebase-database:20.0.0] AndroidManifest.xml:30:13-84
51            android:directBootAware="true"
51-->[com.google.firebase:firebase-common:20.0.0] AndroidManifest.xml:35:13-43
52            android:exported="false" >
52-->[com.google.firebase:firebase-database:20.0.0] AndroidManifest.xml:31:13-37
53            <meta-data
53-->[com.google.firebase:firebase-database:20.0.0] AndroidManifest.xml:32:13-34:85
54                android:name="com.google.firebase.components:com.google.firebase.database.DatabaseRegistrar"
54-->[com.google.firebase:firebase-database:20.0.0] AndroidManifest.xml:33:17-109
55                android:value="com.google.firebase.components.ComponentRegistrar" />
55-->[com.google.firebase:firebase-database:20.0.0] AndroidManifest.xml:34:17-82
56        </service>
57
58        <provider
58-->[com.google.firebase:firebase-common:20.0.0] AndroidManifest.xml:26:9-31:39
59            android:name="com.google.firebase.provider.FirebaseInitProvider"
59-->[com.google.firebase:firebase-common:20.0.0] AndroidManifest.xml:27:13-77
60            android:authorities="com.example.teamunderdog.firebaseinitprovider"
60-->[com.google.firebase:firebase-common:20.0.0] AndroidManifest.xml:28:13-72
61            android:directBootAware="true"
61-->[com.google.firebase:firebase-common:20.0.0] AndroidManifest.xml:29:13-43
62            android:exported="false"
62-->[com.google.firebase:firebase-common:20.0.0] AndroidManifest.xml:30:13-37
63            android:initOrder="100" />
63-->[com.google.firebase:firebase-common:20.0.0] AndroidManifest.xml:31:13-36
64
65        <activity
65-->[com.google.android.gms:play-services-base:17.1.0] AndroidManifest.xml:23:9-26:75
66            android:name="com.google.android.gms.common.api.GoogleApiActivity"
66-->[com.google.android.gms:play-services-base:17.1.0] AndroidManifest.xml:24:13-79
67            android:exported="false"
67-->[com.google.android.gms:play-services-base:17.1.0] AndroidManifest.xml:25:13-37
68            android:theme="@android:style/Theme.Translucent.NoTitleBar" />
68-->[com.google.android.gms:play-services-base:17.1.0] AndroidManifest.xml:26:13-72
69
70        <meta-data
70-->[com.google.android.gms:play-services-basement:17.0.0] AndroidManifest.xml:23:9-25:69
71            android:name="com.google.android.gms.version"
71-->[com.google.android.gms:play-services-basement:17.0.0] AndroidManifest.xml:24:13-58
72            android:value="@integer/google_play_services_version" />
72-->[com.google.android.gms:play-services-basement:17.0.0] AndroidManifest.xml:25:13-66
73    </application>
74
75</manifest>